build/app/outputs/mapping/release/mapping.txt
# compiler: R8
# compiler_version: 1.5.64
# min_api: 16
# pg_map_id: efad8d0
...
io.flutter.plugin.platform.VirtualDisplayController$1$1 -> io.flutter.plugin.platform.k$a$a:
    io.flutter.plugin.platform.VirtualDisplayController$1 this$1 -> a
io.flutter.plugin.platform.VirtualDisplayController$OneTimeOnDrawListener -> io.flutter.plugin.platform.k$b:
    java.lang.Runnable mOnDrawRunnable -> b
    android.view.View mView -> a
    void schedule(android.view.View,java.lang.Runnable) -> a
io.flutter.plugin.platform.VirtualDisplayController$OneTimeOnDrawListener$1 -> io.flutter.plugin.platform.k$b$a:
    io.flutter.plugin.platform.VirtualDisplayController$OneTimeOnDrawListener this$0 -> a
io.flutter.plugins.urllauncher.MethodCallHandlerImpl -> io.flutter.plugins.urllauncher.a:
    io.flutter.plugins.urllauncher.UrlLauncher urlLauncher -> a
    io.flutter.plugin.common.MethodChannel channel -> b
    android.os.Bundle extractBundle(java.util.Map) -> a
    void onCanLaunch(io.flutter.plugin.common.MethodChannel$Result,java.lang.String) -> a
    void onCloseWebView(io.flutter.plugin.common.MethodChannel$Result) -> a
    void onLaunch(io.flutter.plugin.common.MethodCall,io.flutter.plugin.common.MethodChannel$Result,java.lang.String) -> a
    void onMethodCall(io.flutter.plugin.common.MethodCall,io.flutter.plugin.common.MethodChannel$Result) -> a
    void startListening(io.flutter.plugin.common.BinaryMessenger) -> a
    void stopListening() -> a
io.flutter.plugins.urllauncher.UrlLauncher -> io.flutter.plugins.urllauncher.b:
    android.content.Context applicationContext -> a
    android.app.Activity activity -> b
    boolean canLaunch(java.lang.String) -> a
    void closeWebView() -> a
    io.flutter.plugins.urllauncher.UrlLauncher$LaunchStatus launch(java.lang.String,android.os.Bundle,boolean,boolean,boolean) -> a
    void setActivity(android.app.Activity) -> a
io.flutter.plugins.urllauncher.UrlLauncher$LaunchStatus -> io.flutter.plugins.urllauncher.b$a:
    io.flutter.plugins.urllauncher.UrlLauncher$LaunchStatus OK -> a
    io.flutter.plugins.urllauncher.UrlLauncher$LaunchStatus[] $VALUES -> d
    io.flutter.plugins.urllauncher.UrlLauncher$LaunchStatus NO_ACTIVITY -> b
    io.flutter.plugins.urllauncher.UrlLauncher$LaunchStatus ACTIVITY_NOT_FOUND -> c
io.flutter.plugins.urllauncher.UrlLauncherPlugin -> io.flutter.plugins.urllauncher.c:
    io.flutter.plugins.urllauncher.MethodCallHandlerImpl methodCallHandler -> a
    io.flutter.plugins.urllauncher.UrlLauncher urlLauncher -> b
    void onAttachedToActivity(io.flutter.embedding.engine.plugins.activity.ActivityPluginBinding) -> a
    void onDetachedFromActivity() -> a
    void onDetachedFromEngine(io.flutter.embedding.engine.plugins.FlutterPlugin$FlutterPluginBinding) -> a
    void onAttachedToEngine(io.flutter.embedding.engine.plugins.FlutterPlugin$FlutterPluginBinding) -> b
    void onDetachedFromActivityForConfigChanges() -> b
    void onReattachedToActivityForConfigChanges(io.flutter.embedding.engine.plugins.activity.ActivityPluginBinding) -> b
io.flutter.plugins.urllauncher.WebViewActivity -> io.flutter.plugins.urllauncher.WebViewActivity:
    java.lang.String ENABLE_JS_EXTRA -> g
    java.lang.String URL_EXTRA -> f
    java.lang.String ENABLE_DOM_EXTRA -> h
    android.content.IntentFilter closeIntentFilter -> d
    android.webkit.WebView webview -> c
    android.content.BroadcastReceiver broadcastReceiver -> a
    android.webkit.WebViewClient webViewClient -> b
    java.lang.String ACTION_CLOSE -> e
    android.webkit.WebView access$000(io.flutter.plugins.urllauncher.WebViewActivity) -> a
    android.content.Intent createIntent(android.content.Context,java.lang.String,boolean,boolean,android.os.Bundle) -> a
    java.util.Map extractHeaders(android.os.Bundle) -> a
io.flutter.plugins.urllauncher.WebViewActivity$1 -> io.flutter.plugins.urllauncher.WebViewActivity$a:
    io.flutter.plugins.urllauncher.WebViewActivity this$0 -> a
io.flutter.plugins.urllauncher.WebViewActivity$2 -> io.flutter.plugins.urllauncher.WebViewActivity$b: